{"C:\\Users\\Tonchi\\OneDrive\\Escritorio\\cashtrackr\\backend\\src\\server.ts": {"path":"C:\\Users\\Tonchi\\OneDrive\\Escritorio\\cashtrackr\\backend\\src\\server.ts","statementMap":{"0":{"start":{"line":8,"column":0},"end":{"line":8,"column":7}},"1":{"start":{"line":1,"column":0},"end":{"line":1,"column":29}},"2":{"start":{"line":3,"column":0},"end":{"line":3,"column":27}},"3":{"start":{"line":4,"column":0},"end":{"line":4,"column":32}},"4":{"start":{"line":5,"column":0},"end":{"line":5,"column":48}},"5":{"start":{"line":6,"column":0},"end":{"line":6,"column":44}},"6":{"start":{"line":9,"column":4},"end":{"line":16,"column":5}},"7":{"start":{"line":10,"column":8},"end":{"line":10,"column":null}},"8":{"start":{"line":11,"column":8},"end":{"line":11,"column":null}},"9":{"start":{"line":19,"column":0},"end":{"line":19,"column":null}},"10":{"start":{"line":21,"column":12},"end":{"line":21,"column":21}},"11":{"start":{"line":23,"column":0},"end":{"line":23,"column":null}},"12":{"start":{"line":25,"column":0},"end":{"line":25,"column":null}},"13":{"start":{"line":27,"column":0},"end":{"line":27,"column":null}},"14":{"start":{"line":28,"column":0},"end":{"line":28,"column":null}},"15":{"start":{"line":30,"column":0},"end":{"line":30,"column":null}}},"fnMap":{"0":{"name":"connectDB","decl":{"start":{"line":8,"column":22},"end":{"line":8,"column":31}},"loc":{"start":{"line":8,"column":31},"end":{"line":17,"column":1}}}},"branchMap":{},"s":{"0":1,"1":1,"2":1,"3":1,"4":1,"5":1,"6":1,"7":1,"8":1,"9":1,"10":1,"11":1,"12":1,"13":1,"14":1,"15":1},"f":{"0":1},"b":{}}
,"C:\\Users\\Tonchi\\OneDrive\\Escritorio\\cashtrackr\\backend\\src\\config\\db.ts": {"path":"C:\\Users\\Tonchi\\OneDrive\\Escritorio\\cashtrackr\\backend\\src\\config\\db.ts","statementMap":{"0":{"start":{"line":1,"column":0},"end":{"line":1,"column":49}},"1":{"start":{"line":2,"column":0},"end":{"line":2,"column":27}},"2":{"start":{"line":3,"column":0},"end":{"line":3,"column":null}},"3":{"start":{"line":5,"column":13},"end":{"line":12,"column":null}}},"fnMap":{},"branchMap":{},"s":{"0":1,"1":1,"2":1,"3":1},"f":{},"b":{}}
,"C:\\Users\\Tonchi\\OneDrive\\Escritorio\\cashtrackr\\backend\\src\\config\\limiter.ts": {"path":"C:\\Users\\Tonchi\\OneDrive\\Escritorio\\cashtrackr\\backend\\src\\config\\limiter.ts","statementMap":{"0":{"start":{"line":1,"column":0},"end":{"line":1,"column":46}},"1":{"start":{"line":3,"column":13},"end":{"line":7,"column":null}}},"fnMap":{},"branchMap":{"0":{"loc":{"start":{"line":5,"column":11},"end":{"line":5,"column":58}},"type":"cond-expr","locations":[{"start":{"line":5,"column":51},"end":{"line":5,"column":52}},{"start":{"line":5,"column":55},"end":{"line":5,"column":58}}]}},"s":{"0":1,"1":1},"f":{},"b":{"0":[0,1]}}
,"C:\\Users\\Tonchi\\OneDrive\\Escritorio\\cashtrackr\\backend\\src\\config\\nodemailer.ts": {"path":"C:\\Users\\Tonchi\\OneDrive\\Escritorio\\cashtrackr\\backend\\src\\config\\nodemailer.ts","statementMap":{"0":{"start":{"line":1,"column":0},"end":{"line":1,"column":35}},"1":{"start":{"line":2,"column":0},"end":{"line":2,"column":27}},"2":{"start":{"line":3,"column":0},"end":{"line":3,"column":null}},"3":{"start":{"line":6,"column":15},"end":{"line":15,"column":1}},"4":{"start":{"line":7,"column":4},"end":{"line":14,"column":null}},"5":{"start":{"line":17,"column":13},"end":{"line":17,"column":62}}},"fnMap":{"0":{"name":"(anonymous_1)","decl":{"start":{"line":6,"column":15},"end":{"line":6,"column":18}},"loc":{"start":{"line":6,"column":20},"end":{"line":15,"column":1}}}},"branchMap":{},"s":{"0":2,"1":2,"2":2,"3":2,"4":2,"5":2},"f":{"0":2},"b":{}}
,"C:\\Users\\Tonchi\\OneDrive\\Escritorio\\cashtrackr\\backend\\src\\controllers\\AuthController.ts": {"path":"C:\\Users\\Tonchi\\OneDrive\\Escritorio\\cashtrackr\\backend\\src\\controllers\\AuthController.ts","statementMap":{"0":{"start":{"line":2,"column":0},"end":{"line":2,"column":33}},"1":{"start":{"line":3,"column":0},"end":{"line":3,"column":59}},"2":{"start":{"line":4,"column":0},"end":{"line":4,"column":46}},"3":{"start":{"line":5,"column":0},"end":{"line":5,"column":47}},"4":{"start":{"line":6,"column":0},"end":{"line":6,"column":42}},"5":{"start":{"line":9,"column":27},"end":{"line":44,"column":5}},"6":{"start":{"line":11,"column":36},"end":{"line":11,"column":44}},"7":{"start":{"line":14,"column":26},"end":{"line":14,"column":62}},"8":{"start":{"line":15,"column":8},"end":{"line":19,"column":9}},"9":{"start":{"line":16,"column":26},"end":{"line":16,"column":73}},"10":{"start":{"line":17,"column":12},"end":{"line":17,"column":null}},"11":{"start":{"line":18,"column":12},"end":{"line":18,"column":19}},"12":{"start":{"line":21,"column":8},"end":{"line":43,"column":9}},"13":{"start":{"line":22,"column":25},"end":{"line":22,"column":52}},"14":{"start":{"line":23,"column":12},"end":{"line":23,"column":null}},"15":{"start":{"line":24,"column":26},"end":{"line":24,"column":41}},"16":{"start":{"line":25,"column":12},"end":{"line":25,"column":31}},"17":{"start":{"line":27,"column":12},"end":{"line":29,"column":13}},"18":{"start":{"line":28,"column":16},"end":{"line":28,"column":null}},"19":{"start":{"line":31,"column":12},"end":{"line":31,"column":null}},"20":{"start":{"line":33,"column":12},"end":{"line":37,"column":null}},"21":{"start":{"line":39,"column":12},"end":{"line":39,"column":null}},"22":{"start":{"line":41,"column":12},"end":{"line":41,"column":null}},"23":{"start":{"line":42,"column":12},"end":{"line":42,"column":null}},"24":{"start":{"line":46,"column":28},"end":{"line":60,"column":5}},"25":{"start":{"line":47,"column":26},"end":{"line":47,"column":34}},"26":{"start":{"line":49,"column":21},"end":{"line":49,"column":57}},"27":{"start":{"line":50,"column":8},"end":{"line":54,"column":9}},"28":{"start":{"line":51,"column":26},"end":{"line":51,"column":54}},"29":{"start":{"line":52,"column":12},"end":{"line":52,"column":null}},"30":{"start":{"line":53,"column":12},"end":{"line":53,"column":19}},"31":{"start":{"line":55,"column":8},"end":{"line":55,"column":null}},"32":{"start":{"line":56,"column":8},"end":{"line":56,"column":null}},"33":{"start":{"line":57,"column":8},"end":{"line":57,"column":null}},"34":{"start":{"line":59,"column":8},"end":{"line":59,"column":null}},"35":{"start":{"line":62,"column":19},"end":{"line":88,"column":5}},"36":{"start":{"line":63,"column":36},"end":{"line":63,"column":44}},"37":{"start":{"line":66,"column":21},"end":{"line":66,"column":57}},"38":{"start":{"line":67,"column":8},"end":{"line":71,"column":9}},"39":{"start":{"line":68,"column":26},"end":{"line":68,"column":60}},"40":{"start":{"line":69,"column":12},"end":{"line":69,"column":null}},"41":{"start":{"line":70,"column":12},"end":{"line":70,"column":19}},"42":{"start":{"line":73,"column":8},"end":{"line":77,"column":9}},"43":{"start":{"line":74,"column":26},"end":{"line":74,"column":64}},"44":{"start":{"line":75,"column":12},"end":{"line":75,"column":null}},"45":{"start":{"line":76,"column":12},"end":{"line":76,"column":19}},"46":{"start":{"line":79,"column":34},"end":{"line":79,"column":78}},"47":{"start":{"line":80,"column":8},"end":{"line":84,"column":9}},"48":{"start":{"line":81,"column":26},"end":{"line":81,"column":66}},"49":{"start":{"line":82,"column":12},"end":{"line":82,"column":null}},"50":{"start":{"line":83,"column":12},"end":{"line":83,"column":19}},"51":{"start":{"line":86,"column":21},"end":{"line":86,"column":41}},"52":{"start":{"line":87,"column":8},"end":{"line":87,"column":null}},"53":{"start":{"line":90,"column":28},"end":{"line":111,"column":5}},"54":{"start":{"line":91,"column":26},"end":{"line":91,"column":34}},"55":{"start":{"line":94,"column":21},"end":{"line":94,"column":57}},"56":{"start":{"line":95,"column":8},"end":{"line":99,"column":9}},"57":{"start":{"line":96,"column":26},"end":{"line":96,"column":60}},"58":{"start":{"line":97,"column":12},"end":{"line":97,"column":null}},"59":{"start":{"line":98,"column":12},"end":{"line":98,"column":19}},"60":{"start":{"line":100,"column":8},"end":{"line":100,"column":null}},"61":{"start":{"line":101,"column":8},"end":{"line":101,"column":null}},"62":{"start":{"line":103,"column":8},"end":{"line":107,"column":null}},"63":{"start":{"line":109,"column":8},"end":{"line":109,"column":null}},"64":{"start":{"line":113,"column":27},"end":{"line":123,"column":5}},"65":{"start":{"line":114,"column":26},"end":{"line":114,"column":34}},"66":{"start":{"line":116,"column":28},"end":{"line":116,"column":80}},"67":{"start":{"line":117,"column":8},"end":{"line":121,"column":9}},"68":{"start":{"line":118,"column":26},"end":{"line":118,"column":54}},"69":{"start":{"line":119,"column":12},"end":{"line":119,"column":null}},"70":{"start":{"line":120,"column":12},"end":{"line":120,"column":19}},"71":{"start":{"line":125,"column":36},"end":{"line":142,"column":5}},"72":{"start":{"line":126,"column":26},"end":{"line":126,"column":36}},"73":{"start":{"line":127,"column":29},"end":{"line":127,"column":37}},"74":{"start":{"line":129,"column":21},"end":{"line":129,"column":57}},"75":{"start":{"line":130,"column":8},"end":{"line":134,"column":9}},"76":{"start":{"line":131,"column":26},"end":{"line":131,"column":54}},"77":{"start":{"line":132,"column":12},"end":{"line":132,"column":null}},"78":{"start":{"line":133,"column":12},"end":{"line":133,"column":19}},"79":{"start":{"line":137,"column":8},"end":{"line":137,"column":null}},"80":{"start":{"line":138,"column":8},"end":{"line":138,"column":null}},"81":{"start":{"line":139,"column":8},"end":{"line":139,"column":null}},"82":{"start":{"line":141,"column":8},"end":{"line":141,"column":null}},"83":{"start":{"line":144,"column":18},"end":{"line":146,"column":5}},"84":{"start":{"line":145,"column":7},"end":{"line":145,"column":null}},"85":{"start":{"line":148,"column":39},"end":{"line":164,"column":5}},"86":{"start":{"line":149,"column":47},"end":{"line":149,"column":55}},"87":{"start":{"line":150,"column":23},"end":{"line":150,"column":31}},"88":{"start":{"line":151,"column":21},"end":{"line":151,"column":44}},"89":{"start":{"line":153,"column":34},"end":{"line":153,"column":86}},"90":{"start":{"line":154,"column":8},"end":{"line":158,"column":9}},"91":{"start":{"line":155,"column":26},"end":{"line":155,"column":74}},"92":{"start":{"line":156,"column":12},"end":{"line":156,"column":null}},"93":{"start":{"line":157,"column":12},"end":{"line":157,"column":19}},"94":{"start":{"line":160,"column":7},"end":{"line":160,"column":null}},"95":{"start":{"line":161,"column":7},"end":{"line":161,"column":null}},"96":{"start":{"line":163,"column":7},"end":{"line":163,"column":null}},"97":{"start":{"line":166,"column":27},"end":{"line":179,"column":5}},"98":{"start":{"line":167,"column":29},"end":{"line":167,"column":37}},"99":{"start":{"line":168,"column":23},"end":{"line":168,"column":31}},"100":{"start":{"line":169,"column":21},"end":{"line":169,"column":44}},"101":{"start":{"line":171,"column":34},"end":{"line":171,"column":78}},"102":{"start":{"line":172,"column":8},"end":{"line":176,"column":9}},"103":{"start":{"line":173,"column":26},"end":{"line":173,"column":67}},"104":{"start":{"line":174,"column":12},"end":{"line":174,"column":null}},"105":{"start":{"line":175,"column":12},"end":{"line":175,"column":19}},"106":{"start":{"line":178,"column":7},"end":{"line":178,"column":null}},"107":{"start":{"line":8,"column":0},"end":{"line":8,"column":13}}},"fnMap":{"0":{"name":"(anonymous_1)","decl":{"start":{"line":9,"column":27},"end":{"line":9,"column":32}},"loc":{"start":{"line":9,"column":65},"end":{"line":44,"column":5}}},"1":{"name":"(anonymous_2)","decl":{"start":{"line":46,"column":28},"end":{"line":46,"column":33}},"loc":{"start":{"line":46,"column":66},"end":{"line":60,"column":5}}},"2":{"name":"(anonymous_3)","decl":{"start":{"line":62,"column":19},"end":{"line":62,"column":24}},"loc":{"start":{"line":62,"column":57},"end":{"line":88,"column":5}}},"3":{"name":"(anonymous_4)","decl":{"start":{"line":90,"column":28},"end":{"line":90,"column":33}},"loc":{"start":{"line":90,"column":66},"end":{"line":111,"column":5}}},"4":{"name":"(anonymous_5)","decl":{"start":{"line":113,"column":27},"end":{"line":113,"column":32}},"loc":{"start":{"line":113,"column":65},"end":{"line":123,"column":5}}},"5":{"name":"(anonymous_6)","decl":{"start":{"line":125,"column":36},"end":{"line":125,"column":41}},"loc":{"start":{"line":125,"column":74},"end":{"line":142,"column":5}}},"6":{"name":"(anonymous_7)","decl":{"start":{"line":144,"column":18},"end":{"line":144,"column":23}},"loc":{"start":{"line":144,"column":56},"end":{"line":146,"column":5}}},"7":{"name":"(anonymous_8)","decl":{"start":{"line":148,"column":39},"end":{"line":148,"column":44}},"loc":{"start":{"line":148,"column":77},"end":{"line":164,"column":5}}},"8":{"name":"(anonymous_9)","decl":{"start":{"line":166,"column":27},"end":{"line":166,"column":32}},"loc":{"start":{"line":166,"column":65},"end":{"line":179,"column":5}}}},"branchMap":{"0":{"loc":{"start":{"line":15,"column":8},"end":{"line":19,"column":9}},"type":"if","locations":[{"start":{"line":15,"column":8},"end":{"line":19,"column":9}}]},"1":{"loc":{"start":{"line":27,"column":12},"end":{"line":29,"column":13}},"type":"if","locations":[{"start":{"line":27,"column":12},"end":{"line":29,"column":13}}]},"2":{"loc":{"start":{"line":50,"column":8},"end":{"line":54,"column":9}},"type":"if","locations":[{"start":{"line":50,"column":8},"end":{"line":54,"column":9}}]},"3":{"loc":{"start":{"line":67,"column":8},"end":{"line":71,"column":9}},"type":"if","locations":[{"start":{"line":67,"column":8},"end":{"line":71,"column":9}}]},"4":{"loc":{"start":{"line":73,"column":8},"end":{"line":77,"column":9}},"type":"if","locations":[{"start":{"line":73,"column":8},"end":{"line":77,"column":9}}]},"5":{"loc":{"start":{"line":80,"column":8},"end":{"line":84,"column":9}},"type":"if","locations":[{"start":{"line":80,"column":8},"end":{"line":84,"column":9}}]},"6":{"loc":{"start":{"line":95,"column":8},"end":{"line":99,"column":9}},"type":"if","locations":[{"start":{"line":95,"column":8},"end":{"line":99,"column":9}}]},"7":{"loc":{"start":{"line":117,"column":8},"end":{"line":121,"column":9}},"type":"if","locations":[{"start":{"line":117,"column":8},"end":{"line":121,"column":9}}]},"8":{"loc":{"start":{"line":130,"column":8},"end":{"line":134,"column":9}},"type":"if","locations":[{"start":{"line":130,"column":8},"end":{"line":134,"column":9}}]},"9":{"loc":{"start":{"line":154,"column":8},"end":{"line":158,"column":9}},"type":"if","locations":[{"start":{"line":154,"column":8},"end":{"line":158,"column":9}}]},"10":{"loc":{"start":{"line":172,"column":8},"end":{"line":176,"column":9}},"type":"if","locations":[{"start":{"line":172,"column":8},"end":{"line":176,"column":9}}]}},"s":{"0":2,"1":2,"2":2,"3":2,"4":2,"5":2,"6":5,"7":5,"8":5,"9":3,"10":3,"11":3,"12":2,"13":2,"14":2,"15":2,"16":2,"17":2,"18":2,"19":2,"20":2,"21":2,"22":0,"23":0,"24":2,"25":2,"26":2,"27":2,"28":1,"29":1,"30":1,"31":1,"32":1,"33":1,"34":1,"35":2,"36":14,"37":14,"38":14,"39":2,"40":2,"41":2,"42":12,"43":3,"44":3,"45":3,"46":9,"47":9,"48":2,"49":2,"50":2,"51":7,"52":7,"53":2,"54":0,"55":0,"56":0,"57":0,"58":0,"59":0,"60":0,"61":0,"62":0,"63":0,"64":2,"65":0,"66":0,"67":0,"68":0,"69":0,"70":0,"71":2,"72":0,"73":0,"74":0,"75":0,"76":0,"77":0,"78":0,"79":0,"80":0,"81":0,"82":0,"83":2,"84":0,"85":2,"86":0,"87":0,"88":0,"89":0,"90":0,"91":0,"92":0,"93":0,"94":0,"95":0,"96":0,"97":2,"98":0,"99":0,"100":0,"101":0,"102":0,"103":0,"104":0,"105":0,"106":0,"107":2},"f":{"0":5,"1":2,"2":14,"3":0,"4":0,"5":0,"6":0,"7":0,"8":0},"b":{"0":[3],"1":[2],"2":[1],"3":[2],"4":[3],"5":[2],"6":[0],"7":[0],"8":[0],"9":[0],"10":[0]}}
,"C:\\Users\\Tonchi\\OneDrive\\Escritorio\\cashtrackr\\backend\\src\\controllers\\BudgetsController.ts": {"path":"C:\\Users\\Tonchi\\OneDrive\\Escritorio\\cashtrackr\\backend\\src\\controllers\\BudgetsController.ts","statementMap":{"0":{"start":{"line":2,"column":0},"end":{"line":2,"column":37}},"1":{"start":{"line":3,"column":0},"end":{"line":3,"column":39}},"2":{"start":{"line":6,"column":20},"end":{"line":22,"column":5}},"3":{"start":{"line":7,"column":8},"end":{"line":21,"column":9}},"4":{"start":{"line":8,"column":28},"end":{"line":15,"column":14}},"5":{"start":{"line":17,"column":12},"end":{"line":17,"column":null}},"6":{"start":{"line":19,"column":12},"end":{"line":19,"column":null}},"7":{"start":{"line":20,"column":12},"end":{"line":20,"column":null}},"8":{"start":{"line":24,"column":20},"end":{"line":34,"column":5}},"9":{"start":{"line":25,"column":8},"end":{"line":33,"column":9}},"10":{"start":{"line":26,"column":27},"end":{"line":26,"column":56}},"11":{"start":{"line":27,"column":12},"end":{"line":27,"column":null}},"12":{"start":{"line":28,"column":12},"end":{"line":28,"column":null}},"13":{"start":{"line":29,"column":12},"end":{"line":29,"column":null}},"14":{"start":{"line":31,"column":12},"end":{"line":31,"column":null}},"15":{"start":{"line":32,"column":12},"end":{"line":32,"column":null}},"16":{"start":{"line":36,"column":21},"end":{"line":42,"column":5}},"17":{"start":{"line":37,"column":23},"end":{"line":39,"column":10}},"18":{"start":{"line":41,"column":8},"end":{"line":41,"column":null}},"19":{"start":{"line":44,"column":24},"end":{"line":48,"column":5}},"20":{"start":{"line":46,"column":8},"end":{"line":46,"column":null}},"21":{"start":{"line":47,"column":8},"end":{"line":47,"column":null}},"22":{"start":{"line":50,"column":24},"end":{"line":54,"column":5}},"23":{"start":{"line":52,"column":8},"end":{"line":52,"column":null}},"24":{"start":{"line":53,"column":8},"end":{"line":53,"column":null}},"25":{"start":{"line":5,"column":0},"end":{"line":5,"column":13}}},"fnMap":{"0":{"name":"(anonymous_1)","decl":{"start":{"line":6,"column":20},"end":{"line":6,"column":25}},"loc":{"start":{"line":6,"column":58},"end":{"line":22,"column":5}}},"1":{"name":"(anonymous_2)","decl":{"start":{"line":24,"column":20},"end":{"line":24,"column":25}},"loc":{"start":{"line":24,"column":58},"end":{"line":34,"column":5}}},"2":{"name":"(anonymous_3)","decl":{"start":{"line":36,"column":21},"end":{"line":36,"column":26}},"loc":{"start":{"line":36,"column":59},"end":{"line":42,"column":5}}},"3":{"name":"(anonymous_4)","decl":{"start":{"line":44,"column":24},"end":{"line":44,"column":29}},"loc":{"start":{"line":44,"column":62},"end":{"line":48,"column":5}}},"4":{"name":"(anonymous_5)","decl":{"start":{"line":50,"column":24},"end":{"line":50,"column":29}},"loc":{"start":{"line":50,"column":62},"end":{"line":54,"column":5}}}},"branchMap":{},"s":{"0":2,"1":2,"2":2,"3":5,"4":5,"5":4,"6":1,"7":1,"8":2,"9":3,"10":3,"11":2,"12":2,"13":2,"14":1,"15":1,"16":2,"17":4,"18":4,"19":2,"20":2,"21":2,"22":2,"23":2,"24":2,"25":2},"f":{"0":5,"1":3,"2":4,"3":2,"4":2},"b":{}}
,"C:\\Users\\Tonchi\\OneDrive\\Escritorio\\cashtrackr\\backend\\src\\controllers\\ExpenseController.ts": {"path":"C:\\Users\\Tonchi\\OneDrive\\Escritorio\\cashtrackr\\backend\\src\\controllers\\ExpenseController.ts","statementMap":{"0":{"start":{"line":2,"column":0},"end":{"line":2,"column":39}},"1":{"start":{"line":6,"column":20},"end":{"line":16,"column":5}},"2":{"start":{"line":7,"column":8},"end":{"line":15,"column":9}},"3":{"start":{"line":8,"column":28},"end":{"line":8,"column":58}},"4":{"start":{"line":9,"column":12},"end":{"line":9,"column":null}},"5":{"start":{"line":10,"column":12},"end":{"line":10,"column":null}},"6":{"start":{"line":11,"column":12},"end":{"line":11,"column":null}},"7":{"start":{"line":13,"column":12},"end":{"line":13,"column":null}},"8":{"start":{"line":14,"column":12},"end":{"line":14,"column":null}},"9":{"start":{"line":18,"column":21},"end":{"line":20,"column":5}},"10":{"start":{"line":19,"column":8},"end":{"line":19,"column":null}},"11":{"start":{"line":22,"column":24},"end":{"line":25,"column":5}},"12":{"start":{"line":23,"column":8},"end":{"line":23,"column":null}},"13":{"start":{"line":24,"column":8},"end":{"line":24,"column":null}},"14":{"start":{"line":27,"column":24},"end":{"line":30,"column":5}},"15":{"start":{"line":28,"column":8},"end":{"line":28,"column":null}},"16":{"start":{"line":29,"column":8},"end":{"line":29,"column":null}},"17":{"start":{"line":4,"column":0},"end":{"line":4,"column":13}}},"fnMap":{"0":{"name":"(anonymous_1)","decl":{"start":{"line":6,"column":20},"end":{"line":6,"column":25}},"loc":{"start":{"line":6,"column":58},"end":{"line":16,"column":5}}},"1":{"name":"(anonymous_2)","decl":{"start":{"line":18,"column":21},"end":{"line":18,"column":26}},"loc":{"start":{"line":18,"column":59},"end":{"line":20,"column":5}}},"2":{"name":"(anonymous_3)","decl":{"start":{"line":22,"column":24},"end":{"line":22,"column":29}},"loc":{"start":{"line":22,"column":62},"end":{"line":25,"column":5}}},"3":{"name":"(anonymous_4)","decl":{"start":{"line":27,"column":24},"end":{"line":27,"column":29}},"loc":{"start":{"line":27,"column":62},"end":{"line":30,"column":5}}}},"branchMap":{},"s":{"0":2,"1":2,"2":2,"3":2,"4":1,"5":1,"6":1,"7":1,"8":1,"9":2,"10":1,"11":2,"12":1,"13":1,"14":2,"15":1,"16":1,"17":2},"f":{"0":2,"1":1,"2":1,"3":1},"b":{}}
,"C:\\Users\\Tonchi\\OneDrive\\Escritorio\\cashtrackr\\backend\\src\\emails\\AuthEmail.ts": {"path":"C:\\Users\\Tonchi\\OneDrive\\Escritorio\\cashtrackr\\backend\\src\\emails\\AuthEmail.ts","statementMap":{"0":{"start":{"line":1,"column":0},"end":{"line":1,"column":48}},"1":{"start":{"line":10,"column":35},"end":{"line":23,"column":5}},"2":{"start":{"line":11,"column":22},"end":{"line":19,"column":10}},"3":{"start":{"line":25,"column":36},"end":{"line":39,"column":5}},"4":{"start":{"line":26,"column":22},"end":{"line":35,"column":10}},"5":{"start":{"line":9,"column":0},"end":{"line":9,"column":13}}},"fnMap":{"0":{"name":"(anonymous_0)","decl":{"start":{"line":10,"column":35},"end":{"line":10,"column":40}},"loc":{"start":{"line":10,"column":60},"end":{"line":23,"column":5}}},"1":{"name":"(anonymous_1)","decl":{"start":{"line":25,"column":36},"end":{"line":25,"column":41}},"loc":{"start":{"line":25,"column":61},"end":{"line":39,"column":5}}}},"branchMap":{},"s":{"0":2,"1":2,"2":1,"3":2,"4":0,"5":2},"f":{"0":1,"1":0},"b":{}}
,"C:\\Users\\Tonchi\\OneDrive\\Escritorio\\cashtrackr\\backend\\src\\middleware\\auth.ts": {"path":"C:\\Users\\Tonchi\\OneDrive\\Escritorio\\cashtrackr\\backend\\src\\middleware\\auth.ts","statementMap":{"0":{"start":{"line":2,"column":0},"end":{"line":2,"column":30}},"1":{"start":{"line":3,"column":0},"end":{"line":3,"column":33}},"2":{"start":{"line":13,"column":28},"end":{"line":42,"column":1}},"3":{"start":{"line":14,"column":19},"end":{"line":14,"column":44}},"4":{"start":{"line":16,"column":4},"end":{"line":20,"column":5}},"5":{"start":{"line":17,"column":22},"end":{"line":17,"column":75}},"6":{"start":{"line":18,"column":8},"end":{"line":18,"column":null}},"7":{"start":{"line":19,"column":8},"end":{"line":19,"column":15}},"8":{"start":{"line":22,"column":22},"end":{"line":22,"column":39}},"9":{"start":{"line":23,"column":4},"end":{"line":27,"column":5}},"10":{"start":{"line":24,"column":22},"end":{"line":24,"column":68}},"11":{"start":{"line":25,"column":8},"end":{"line":25,"column":null}},"12":{"start":{"line":26,"column":8},"end":{"line":26,"column":15}},"13":{"start":{"line":29,"column":4},"end":{"line":41,"column":5}},"14":{"start":{"line":30,"column":24},"end":{"line":30,"column":65}},"15":{"start":{"line":31,"column":8},"end":{"line":37,"column":9}},"16":{"start":{"line":32,"column":12},"end":{"line":34,"column":null}},"17":{"start":{"line":36,"column":12},"end":{"line":36,"column":null}},"18":{"start":{"line":40,"column":8},"end":{"line":40,"column":null}},"19":{"start":{"line":13,"column":13},"end":{"line":13,"column":28}}},"fnMap":{"0":{"name":"(anonymous_1)","decl":{"start":{"line":13,"column":28},"end":{"line":13,"column":33}},"loc":{"start":{"line":13,"column":86},"end":{"line":42,"column":1}}}},"branchMap":{"0":{"loc":{"start":{"line":16,"column":4},"end":{"line":20,"column":5}},"type":"if","locations":[{"start":{"line":16,"column":4},"end":{"line":20,"column":5}}]},"1":{"loc":{"start":{"line":23,"column":4},"end":{"line":27,"column":5}},"type":"if","locations":[{"start":{"line":23,"column":4},"end":{"line":27,"column":5}}]},"2":{"loc":{"start":{"line":31,"column":8},"end":{"line":37,"column":9}},"type":"if","locations":[{"start":{"line":31,"column":8},"end":{"line":37,"column":9}}]},"3":{"loc":{"start":{"line":31,"column":12},"end":{"line":31,"column":53}},"type":"binary-expr","locations":[{"start":{"line":31,"column":12},"end":{"line":31,"column":39}},{"start":{"line":31,"column":43},"end":{"line":31,"column":53}}]}},"s":{"0":1,"1":1,"2":1,"3":16,"4":16,"5":5,"6":5,"7":5,"8":11,"9":11,"10":0,"11":0,"12":0,"13":11,"14":11,"15":10,"16":10,"17":10,"18":1,"19":1},"f":{"0":16},"b":{"0":[5],"1":[0],"2":[10],"3":[10,10]}}
,"C:\\Users\\Tonchi\\OneDrive\\Escritorio\\cashtrackr\\backend\\src\\middleware\\budget.ts": {"path":"C:\\Users\\Tonchi\\OneDrive\\Escritorio\\cashtrackr\\backend\\src\\middleware\\budget.ts","statementMap":{"0":{"start":{"line":62,"column":0},"end":{"line":62,"column":16}},"1":{"start":{"line":2,"column":0},"end":{"line":2,"column":65}},"2":{"start":{"line":3,"column":0},"end":{"line":3,"column":37}},"3":{"start":{"line":13,"column":33},"end":{"line":26,"column":1}},"4":{"start":{"line":15,"column":4},"end":{"line":18,"column":null}},"5":{"start":{"line":17,"column":21},"end":{"line":17,"column":30}},"6":{"start":{"line":20,"column":17},"end":{"line":20,"column":38}},"7":{"start":{"line":21,"column":4},"end":{"line":24,"column":5}},"8":{"start":{"line":22,"column":8},"end":{"line":22,"column":null}},"9":{"start":{"line":23,"column":8},"end":{"line":23,"column":14}},"10":{"start":{"line":25,"column":4},"end":{"line":25,"column":null}},"11":{"start":{"line":13,"column":13},"end":{"line":13,"column":33}},"12":{"start":{"line":28,"column":37},"end":{"line":46,"column":1}},"13":{"start":{"line":29,"column":25},"end":{"line":29,"column":35}},"14":{"start":{"line":30,"column":4},"end":{"line":44,"column":5}},"15":{"start":{"line":31,"column":23},"end":{"line":31,"column":54}},"16":{"start":{"line":33,"column":8},"end":{"line":37,"column":9}},"17":{"start":{"line":34,"column":26},"end":{"line":34,"column":64}},"18":{"start":{"line":35,"column":12},"end":{"line":35,"column":null}},"19":{"start":{"line":36,"column":12},"end":{"line":36,"column":19}},"20":{"start":{"line":38,"column":8},"end":{"line":38,"column":null}},"21":{"start":{"line":40,"column":8},"end":{"line":40,"column":null}},"22":{"start":{"line":42,"column":8},"end":{"line":42,"column":null}},"23":{"start":{"line":43,"column":8},"end":{"line":43,"column":null}},"24":{"start":{"line":28,"column":13},"end":{"line":28,"column":37}},"25":{"start":{"line":48,"column":36},"end":{"line":60,"column":1}},"26":{"start":{"line":50,"column":4},"end":{"line":52,"column":null}},"27":{"start":{"line":53,"column":4},"end":{"line":57,"column":null}},"28":{"start":{"line":56,"column":25},"end":{"line":56,"column":34}},"29":{"start":{"line":59,"column":4},"end":{"line":59,"column":null}},"30":{"start":{"line":48,"column":13},"end":{"line":48,"column":36}},"31":{"start":{"line":64,"column":4},"end":{"line":68,"column":5}},"32":{"start":{"line":65,"column":22},"end":{"line":65,"column":51}},"33":{"start":{"line":66,"column":8},"end":{"line":66,"column":null}},"34":{"start":{"line":67,"column":8},"end":{"line":67,"column":15}},"35":{"start":{"line":70,"column":4},"end":{"line":70,"column":null}}},"fnMap":{"0":{"name":"(anonymous_1)","decl":{"start":{"line":13,"column":33},"end":{"line":13,"column":38}},"loc":{"start":{"line":13,"column":91},"end":{"line":26,"column":1}}},"1":{"name":"(anonymous_2)","decl":{"start":{"line":17,"column":12},"end":{"line":17,"column":17}},"loc":{"start":{"line":17,"column":21},"end":{"line":17,"column":30}}},"2":{"name":"(anonymous_3)","decl":{"start":{"line":28,"column":37},"end":{"line":28,"column":42}},"loc":{"start":{"line":28,"column":95},"end":{"line":46,"column":1}}},"3":{"name":"(anonymous_4)","decl":{"start":{"line":48,"column":36},"end":{"line":48,"column":41}},"loc":{"start":{"line":48,"column":94},"end":{"line":60,"column":1}}},"4":{"name":"(anonymous_5)","decl":{"start":{"line":56,"column":16},"end":{"line":56,"column":21}},"loc":{"start":{"line":56,"column":25},"end":{"line":56,"column":34}}},"5":{"name":"hasAccess","decl":{"start":{"line":62,"column":16},"end":{"line":62,"column":25}},"loc":{"start":{"line":62,"column":73},"end":{"line":71,"column":1}}}},"branchMap":{"0":{"loc":{"start":{"line":21,"column":4},"end":{"line":24,"column":5}},"type":"if","locations":[{"start":{"line":21,"column":4},"end":{"line":24,"column":5}}]},"1":{"loc":{"start":{"line":33,"column":8},"end":{"line":37,"column":9}},"type":"if","locations":[{"start":{"line":33,"column":8},"end":{"line":37,"column":9}}]},"2":{"loc":{"start":{"line":64,"column":4},"end":{"line":68,"column":5}},"type":"if","locations":[{"start":{"line":64,"column":4},"end":{"line":68,"column":5}}]}},"s":{"0":3,"1":3,"2":3,"3":3,"4":7,"5":6,"6":7,"7":7,"8":1,"9":1,"10":6,"11":3,"12":3,"13":9,"14":9,"15":9,"16":8,"17":3,"18":3,"19":3,"20":5,"21":5,"22":1,"23":1,"24":3,"25":3,"26":4,"27":4,"28":4,"29":4,"30":3,"31":7,"32":2,"33":2,"34":2,"35":5},"f":{"0":7,"1":6,"2":9,"3":4,"4":4,"5":7},"b":{"0":[1],"1":[3],"2":[2]}}
,"C:\\Users\\Tonchi\\OneDrive\\Escritorio\\cashtrackr\\backend\\src\\middleware\\expense.ts": {"path":"C:\\Users\\Tonchi\\OneDrive\\Escritorio\\cashtrackr\\backend\\src\\middleware\\expense.ts","statementMap":{"0":{"start":{"line":1,"column":0},"end":{"line":1,"column":65}},"1":{"start":{"line":3,"column":0},"end":{"line":3,"column":39}},"2":{"start":{"line":13,"column":37},"end":{"line":25,"column":1}},"3":{"start":{"line":15,"column":4},"end":{"line":17,"column":null}},"4":{"start":{"line":18,"column":4},"end":{"line":22,"column":null}},"5":{"start":{"line":21,"column":25},"end":{"line":21,"column":34}},"6":{"start":{"line":24,"column":4},"end":{"line":24,"column":null}},"7":{"start":{"line":13,"column":13},"end":{"line":13,"column":37}},"8":{"start":{"line":27,"column":34},"end":{"line":41,"column":1}},"9":{"start":{"line":28,"column":4},"end":{"line":32,"column":null}},"10":{"start":{"line":30,"column":24},"end":{"line":30,"column":33}},"11":{"start":{"line":34,"column":21},"end":{"line":34,"column":42}},"12":{"start":{"line":35,"column":8},"end":{"line":38,"column":9}},"13":{"start":{"line":36,"column":12},"end":{"line":36,"column":null}},"14":{"start":{"line":37,"column":12},"end":{"line":37,"column":18}},"15":{"start":{"line":40,"column":4},"end":{"line":40,"column":null}},"16":{"start":{"line":27,"column":13},"end":{"line":27,"column":34}},"17":{"start":{"line":43,"column":38},"end":{"line":61,"column":1}},"18":{"start":{"line":44,"column":26},"end":{"line":44,"column":36}},"19":{"start":{"line":45,"column":4},"end":{"line":59,"column":5}},"20":{"start":{"line":46,"column":24},"end":{"line":46,"column":57}},"21":{"start":{"line":48,"column":8},"end":{"line":52,"column":9}},"22":{"start":{"line":49,"column":26},"end":{"line":49,"column":58}},"23":{"start":{"line":50,"column":12},"end":{"line":50,"column":null}},"24":{"start":{"line":51,"column":12},"end":{"line":51,"column":19}},"25":{"start":{"line":53,"column":8},"end":{"line":53,"column":null}},"26":{"start":{"line":55,"column":8},"end":{"line":55,"column":null}},"27":{"start":{"line":57,"column":8},"end":{"line":57,"column":null}},"28":{"start":{"line":58,"column":8},"end":{"line":58,"column":null}},"29":{"start":{"line":43,"column":13},"end":{"line":43,"column":38}}},"fnMap":{"0":{"name":"(anonymous_1)","decl":{"start":{"line":13,"column":37},"end":{"line":13,"column":42}},"loc":{"start":{"line":13,"column":95},"end":{"line":25,"column":1}}},"1":{"name":"(anonymous_2)","decl":{"start":{"line":21,"column":16},"end":{"line":21,"column":21}},"loc":{"start":{"line":21,"column":25},"end":{"line":21,"column":34}}},"2":{"name":"(anonymous_3)","decl":{"start":{"line":27,"column":34},"end":{"line":27,"column":39}},"loc":{"start":{"line":27,"column":92},"end":{"line":41,"column":1}}},"3":{"name":"(anonymous_4)","decl":{"start":{"line":30,"column":16},"end":{"line":30,"column":21}},"loc":{"start":{"line":30,"column":24},"end":{"line":30,"column":33}}},"4":{"name":"(anonymous_5)","decl":{"start":{"line":43,"column":38},"end":{"line":43,"column":43}},"loc":{"start":{"line":43,"column":96},"end":{"line":61,"column":1}}}},"branchMap":{"0":{"loc":{"start":{"line":35,"column":8},"end":{"line":38,"column":9}},"type":"if","locations":[{"start":{"line":35,"column":8},"end":{"line":38,"column":9}}]},"1":{"loc":{"start":{"line":48,"column":8},"end":{"line":52,"column":9}},"type":"if","locations":[{"start":{"line":48,"column":8},"end":{"line":52,"column":9}}]}},"s":{"0":2,"1":2,"2":2,"3":0,"4":0,"5":0,"6":0,"7":2,"8":2,"9":0,"10":0,"11":0,"12":0,"13":0,"14":0,"15":0,"16":2,"17":2,"18":3,"19":3,"20":3,"21":2,"22":1,"23":1,"24":1,"25":1,"26":1,"27":1,"28":1,"29":2},"f":{"0":0,"1":0,"2":0,"3":0,"4":3},"b":{"0":[0],"1":[1]}}
,"C:\\Users\\Tonchi\\OneDrive\\Escritorio\\cashtrackr\\backend\\src\\middleware\\validation.ts": {"path":"C:\\Users\\Tonchi\\OneDrive\\Escritorio\\cashtrackr\\backend\\src\\middleware\\validation.ts","statementMap":{"0":{"start":{"line":2,"column":0},"end":{"line":2,"column":52}},"1":{"start":{"line":4,"column":33},"end":{"line":11,"column":1}},"2":{"start":{"line":5,"column":17},"end":{"line":5,"column":38}},"3":{"start":{"line":6,"column":4},"end":{"line":9,"column":5}},"4":{"start":{"line":7,"column":8},"end":{"line":7,"column":null}},"5":{"start":{"line":8,"column":8},"end":{"line":8,"column":14}},"6":{"start":{"line":10,"column":4},"end":{"line":10,"column":null}},"7":{"start":{"line":4,"column":13},"end":{"line":4,"column":33}}},"fnMap":{"0":{"name":"(anonymous_0)","decl":{"start":{"line":4,"column":33},"end":{"line":4,"column":34}},"loc":{"start":{"line":4,"column":85},"end":{"line":11,"column":1}}}},"branchMap":{"0":{"loc":{"start":{"line":6,"column":4},"end":{"line":9,"column":5}},"type":"if","locations":[{"start":{"line":6,"column":4},"end":{"line":9,"column":5}}]}},"s":{"0":1,"1":1,"2":25,"3":25,"4":8,"5":8,"6":17,"7":1},"f":{"0":25},"b":{"0":[8]}}
,"C:\\Users\\Tonchi\\OneDrive\\Escritorio\\cashtrackr\\backend\\src\\models\\Budget.ts": {"path":"C:\\Users\\Tonchi\\OneDrive\\Escritorio\\cashtrackr\\backend\\src\\models\\Budget.ts","statementMap":{"0":{"start":{"line":1,"column":0},"end":{"line":1,"column":112}},"1":{"start":{"line":2,"column":0},"end":{"line":2,"column":31}},"2":{"start":{"line":3,"column":0},"end":{"line":3,"column":25}},"3":{"start":{"line":9,"column":0},"end":{"line":33,"column":null}},"4":{"start":{"line":14,"column":12},"end":{"line":14,"column":null}},"5":{"start":{"line":20,"column":12},"end":{"line":20,"column":null}},"6":{"start":{"line":26,"column":12},"end":{"line":26,"column":null}},"7":{"start":{"line":22,"column":18},"end":{"line":22,"column":25}},"8":{"start":{"line":29,"column":12},"end":{"line":29,"column":null}},"9":{"start":{"line":28,"column":21},"end":{"line":28,"column":25}},"10":{"start":{"line":32,"column":12},"end":{"line":32,"column":null}},"11":{"start":{"line":31,"column":20},"end":{"line":31,"column":24}},"12":{"start":{"line":9,"column":6},"end":{"line":33,"column":null}},"13":{"start":{"line":35,"column":0},"end":{"line":35,"column":null}}},"fnMap":{"0":{"name":"(anonymous_3)","decl":{"start":{"line":22,"column":13},"end":{"line":22,"column":15}},"loc":{"start":{"line":22,"column":18},"end":{"line":22,"column":25}}},"1":{"name":"(anonymous_4)","decl":{"start":{"line":28,"column":16},"end":{"line":28,"column":18}},"loc":{"start":{"line":28,"column":21},"end":{"line":28,"column":25}}},"2":{"name":"(anonymous_5)","decl":{"start":{"line":31,"column":15},"end":{"line":31,"column":17}},"loc":{"start":{"line":31,"column":20},"end":{"line":31,"column":24}}}},"branchMap":{},"s":{"0":3,"1":3,"2":3,"3":3,"4":3,"5":3,"6":3,"7":3,"8":3,"9":2,"10":3,"11":3,"12":3,"13":3},"f":{"0":3,"1":2,"2":3},"b":{}}
,"C:\\Users\\Tonchi\\OneDrive\\Escritorio\\cashtrackr\\backend\\src\\models\\Expense.ts": {"path":"C:\\Users\\Tonchi\\OneDrive\\Escritorio\\cashtrackr\\backend\\src\\models\\Expense.ts","statementMap":{"0":{"start":{"line":1,"column":0},"end":{"line":1,"column":103}},"1":{"start":{"line":2,"column":0},"end":{"line":2,"column":29}},"2":{"start":{"line":8,"column":0},"end":{"line":26,"column":null}},"3":{"start":{"line":13,"column":12},"end":{"line":13,"column":null}},"4":{"start":{"line":19,"column":12},"end":{"line":19,"column":null}},"5":{"start":{"line":22,"column":12},"end":{"line":22,"column":null}},"6":{"start":{"line":21,"column":21},"end":{"line":21,"column":27}},"7":{"start":{"line":25,"column":12},"end":{"line":25,"column":null}},"8":{"start":{"line":24,"column":20},"end":{"line":24,"column":26}},"9":{"start":{"line":8,"column":6},"end":{"line":26,"column":null}},"10":{"start":{"line":28,"column":0},"end":{"line":28,"column":null}}},"fnMap":{"0":{"name":"(anonymous_3)","decl":{"start":{"line":21,"column":16},"end":{"line":21,"column":18}},"loc":{"start":{"line":21,"column":21},"end":{"line":21,"column":27}}},"1":{"name":"(anonymous_4)","decl":{"start":{"line":24,"column":15},"end":{"line":24,"column":17}},"loc":{"start":{"line":24,"column":20},"end":{"line":24,"column":26}}}},"branchMap":{},"s":{"0":3,"1":3,"2":3,"3":3,"4":3,"5":3,"6":2,"7":3,"8":2,"9":3,"10":3},"f":{"0":2,"1":2},"b":{}}
,"C:\\Users\\Tonchi\\OneDrive\\Escritorio\\cashtrackr\\backend\\src\\models\\User.ts": {"path":"C:\\Users\\Tonchi\\OneDrive\\Escritorio\\cashtrackr\\backend\\src\\models\\User.ts","statementMap":{"0":{"start":{"line":1,"column":0},"end":{"line":1,"column":107}},"1":{"start":{"line":2,"column":0},"end":{"line":2,"column":29}},"2":{"start":{"line":8,"column":0},"end":{"line":44,"column":null}},"3":{"start":{"line":13,"column":12},"end":{"line":13,"column":null}},"4":{"start":{"line":19,"column":12},"end":{"line":19,"column":null}},"5":{"start":{"line":26,"column":12},"end":{"line":26,"column":null}},"6":{"start":{"line":31,"column":12},"end":{"line":31,"column":null}},"7":{"start":{"line":37,"column":12},"end":{"line":37,"column":null}},"8":{"start":{"line":43,"column":12},"end":{"line":43,"column":null}},"9":{"start":{"line":39,"column":18},"end":{"line":39,"column":24}},"10":{"start":{"line":8,"column":6},"end":{"line":44,"column":null}},"11":{"start":{"line":46,"column":0},"end":{"line":46,"column":null}}},"fnMap":{"0":{"name":"(anonymous_3)","decl":{"start":{"line":39,"column":13},"end":{"line":39,"column":15}},"loc":{"start":{"line":39,"column":18},"end":{"line":39,"column":24}}}},"branchMap":{},"s":{"0":3,"1":3,"2":3,"3":3,"4":3,"5":3,"6":3,"7":3,"8":3,"9":2,"10":3,"11":3},"f":{"0":2},"b":{}}
,"C:\\Users\\Tonchi\\OneDrive\\Escritorio\\cashtrackr\\backend\\src\\routes\\authRouter.ts": {"path":"C:\\Users\\Tonchi\\OneDrive\\Escritorio\\cashtrackr\\backend\\src\\routes\\authRouter.ts","statementMap":{"0":{"start":{"line":1,"column":0},"end":{"line":1,"column":32}},"1":{"start":{"line":2,"column":0},"end":{"line":2,"column":47}},"2":{"start":{"line":3,"column":0},"end":{"line":3,"column":62}},"3":{"start":{"line":4,"column":0},"end":{"line":4,"column":60}},"4":{"start":{"line":5,"column":0},"end":{"line":5,"column":43}},"5":{"start":{"line":6,"column":0},"end":{"line":6,"column":49}},"6":{"start":{"line":8,"column":15},"end":{"line":8,"column":23}},"7":{"start":{"line":10,"column":0},"end":{"line":10,"column":null}},"8":{"start":{"line":12,"column":0},"end":{"line":21,"column":null}},"9":{"start":{"line":23,"column":0},"end":{"line":28,"column":null}},"10":{"start":{"line":30,"column":0},"end":{"line":37,"column":null}},"11":{"start":{"line":39,"column":0},"end":{"line":44,"column":null}},"12":{"start":{"line":46,"column":0},"end":{"line":51,"column":null}},"13":{"start":{"line":53,"column":0},"end":{"line":60,"column":null}},"14":{"start":{"line":62,"column":0},"end":{"line":65,"column":null}},"15":{"start":{"line":67,"column":0},"end":{"line":75,"column":null}},"16":{"start":{"line":77,"column":0},"end":{"line":83,"column":null}},"17":{"start":{"line":85,"column":0},"end":{"line":85,"column":null}}},"fnMap":{},"branchMap":{},"s":{"0":1,"1":1,"2":1,"3":1,"4":1,"5":1,"6":1,"7":1,"8":1,"9":1,"10":1,"11":1,"12":1,"13":1,"14":1,"15":1,"16":1,"17":1},"f":{},"b":{}}
,"C:\\Users\\Tonchi\\OneDrive\\Escritorio\\cashtrackr\\backend\\src\\routes\\budgetRouter.ts": {"path":"C:\\Users\\Tonchi\\OneDrive\\Escritorio\\cashtrackr\\backend\\src\\routes\\budgetRouter.ts","statementMap":{"0":{"start":{"line":1,"column":0},"end":{"line":1,"column":32}},"1":{"start":{"line":3,"column":0},"end":{"line":3,"column":67}},"2":{"start":{"line":4,"column":0},"end":{"line":4,"column":60}},"3":{"start":{"line":5,"column":0},"end":{"line":5,"column":109}},"4":{"start":{"line":6,"column":0},"end":{"line":6,"column":69}},"5":{"start":{"line":7,"column":0},"end":{"line":7,"column":102}},"6":{"start":{"line":8,"column":0},"end":{"line":8,"column":49}},"7":{"start":{"line":10,"column":15},"end":{"line":10,"column":23}},"8":{"start":{"line":12,"column":0},"end":{"line":12,"column":25}},"9":{"start":{"line":14,"column":0},"end":{"line":14,"column":null}},"10":{"start":{"line":15,"column":0},"end":{"line":15,"column":47}},"11":{"start":{"line":16,"column":0},"end":{"line":16,"column":null}},"12":{"start":{"line":18,"column":0},"end":{"line":18,"column":null}},"13":{"start":{"line":19,"column":0},"end":{"line":19,"column":null}},"14":{"start":{"line":21,"column":0},"end":{"line":21,"column":null}},"15":{"start":{"line":23,"column":0},"end":{"line":27,"column":null}},"16":{"start":{"line":29,"column":0},"end":{"line":29,"column":null}},"17":{"start":{"line":31,"column":0},"end":{"line":35,"column":null}},"18":{"start":{"line":37,"column":0},"end":{"line":37,"column":null}},"19":{"start":{"line":40,"column":0},"end":{"line":43,"column":null}},"20":{"start":{"line":45,"column":0},"end":{"line":45,"column":null}},"21":{"start":{"line":46,"column":0},"end":{"line":49,"column":null}},"22":{"start":{"line":51,"column":0},"end":{"line":51,"column":null}},"23":{"start":{"line":53,"column":0},"end":{"line":53,"column":null}}},"fnMap":{},"branchMap":{},"s":{"0":1,"1":1,"2":1,"3":1,"4":1,"5":1,"6":1,"7":1,"8":1,"9":1,"10":1,"11":1,"12":1,"13":1,"14":1,"15":1,"16":1,"17":1,"18":1,"19":1,"20":1,"21":1,"22":1,"23":1},"f":{},"b":{}}
,"C:\\Users\\Tonchi\\OneDrive\\Escritorio\\cashtrackr\\backend\\src\\tests\\mocks\\budgets.ts": {"path":"C:\\Users\\Tonchi\\OneDrive\\Escritorio\\cashtrackr\\backend\\src\\tests\\mocks\\budgets.ts","statementMap":{"0":{"start":{"line":1,"column":13},"end":{"line":71,"column":2}}},"fnMap":{},"branchMap":{},"s":{"0":3},"f":{},"b":{}}
,"C:\\Users\\Tonchi\\OneDrive\\Escritorio\\cashtrackr\\backend\\src\\tests\\mocks\\expense.ts": {"path":"C:\\Users\\Tonchi\\OneDrive\\Escritorio\\cashtrackr\\backend\\src\\tests\\mocks\\expense.ts","statementMap":{"0":{"start":{"line":1,"column":13},"end":{"line":26,"column":null}}},"fnMap":{},"branchMap":{},"s":{"0":2},"f":{},"b":{}}
,"C:\\Users\\Tonchi\\OneDrive\\Escritorio\\cashtrackr\\backend\\src\\utils\\auth.ts": {"path":"C:\\Users\\Tonchi\\OneDrive\\Escritorio\\cashtrackr\\backend\\src\\utils\\auth.ts","statementMap":{"0":{"start":{"line":1,"column":0},"end":{"line":1,"column":28}},"1":{"start":{"line":3,"column":28},"end":{"line":7,"column":1}},"2":{"start":{"line":4,"column":17},"end":{"line":4,"column":41}},"3":{"start":{"line":5,"column":27},"end":{"line":5,"column":60}},"4":{"start":{"line":6,"column":4},"end":{"line":6,"column":26}},"5":{"start":{"line":3,"column":13},"end":{"line":3,"column":28}},"6":{"start":{"line":9,"column":29},"end":{"line":11,"column":1}},"7":{"start":{"line":10,"column":4},"end":{"line":10,"column":48}},"8":{"start":{"line":9,"column":13},"end":{"line":9,"column":29}}},"fnMap":{"0":{"name":"(anonymous_1)","decl":{"start":{"line":3,"column":28},"end":{"line":3,"column":33}},"loc":{"start":{"line":3,"column":72},"end":{"line":7,"column":1}}},"1":{"name":"(anonymous_2)","decl":{"start":{"line":9,"column":29},"end":{"line":9,"column":34}},"loc":{"start":{"line":9,"column":70},"end":{"line":11,"column":1}}}},"branchMap":{},"s":{"0":2,"1":2,"2":1,"3":1,"4":1,"5":2,"6":2,"7":5,"8":2},"f":{"0":1,"1":5},"b":{}}
,"C:\\Users\\Tonchi\\OneDrive\\Escritorio\\cashtrackr\\backend\\src\\utils\\jwt.ts": {"path":"C:\\Users\\Tonchi\\OneDrive\\Escritorio\\cashtrackr\\backend\\src\\utils\\jwt.ts","statementMap":{"0":{"start":{"line":1,"column":0},"end":{"line":1,"column":31}},"1":{"start":{"line":3,"column":27},"end":{"line":8,"column":1}},"2":{"start":{"line":4,"column":18},"end":{"line":6,"column":6}},"3":{"start":{"line":7,"column":4},"end":{"line":7,"column":null}},"4":{"start":{"line":3,"column":13},"end":{"line":3,"column":27}}},"fnMap":{"0":{"name":"(anonymous_1)","decl":{"start":{"line":3,"column":27},"end":{"line":3,"column":28}},"loc":{"start":{"line":3,"column":51},"end":{"line":8,"column":1}}}},"branchMap":{},"s":{"0":2,"1":2,"2":5,"3":5,"4":2},"f":{"0":5},"b":{}}
,"C:\\Users\\Tonchi\\OneDrive\\Escritorio\\cashtrackr\\backend\\src\\utils\\token.ts": {"path":"C:\\Users\\Tonchi\\OneDrive\\Escritorio\\cashtrackr\\backend\\src\\utils\\token.ts","statementMap":{"0":{"start":{"line":1,"column":29},"end":{"line":1,"column":89}},"1":{"start":{"line":1,"column":35},"end":{"line":1,"column":89}},"2":{"start":{"line":1,"column":13},"end":{"line":1,"column":29}}},"fnMap":{"0":{"name":"(anonymous_0)","decl":{"start":{"line":1,"column":29},"end":{"line":1,"column":32}},"loc":{"start":{"line":1,"column":35},"end":{"line":1,"column":89}}}},"branchMap":{},"s":{"0":2,"1":1,"2":2},"f":{"0":1},"b":{}}
}
