TN:
SF:src\server.ts
FN:8,connectDB
FNF:1
FNH:1
FNDA:1,connectDB
DA:1,1
DA:3,1
DA:4,1
DA:5,1
DA:6,1
DA:8,1
DA:9,1
DA:10,1
DA:11,1
DA:19,1
DA:21,1
DA:23,1
DA:25,1
DA:27,1
DA:28,1
DA:30,1
LF:16
LH:16
BRF:0
BRH:0
end_of_record
TN:
SF:src\config\db.ts
FNF:0
FNH:0
DA:1,1
DA:2,1
DA:3,1
DA:5,1
LF:4
LH:4
BRF:0
BRH:0
end_of_record
TN:
SF:src\config\limiter.ts
FNF:0
FNH:0
DA:1,1
DA:3,1
LF:2
LH:2
BRDA:5,0,0,0
BRDA:5,0,1,1
BRF:2
BRH:1
end_of_record
TN:
SF:src\config\nodemailer.ts
FN:6,(anonymous_1)
FNF:1
FNH:1
FNDA:2,(anonymous_1)
DA:1,2
DA:2,2
DA:3,2
DA:6,2
DA:7,2
DA:17,2
LF:6
LH:6
BRF:0
BRH:0
end_of_record
TN:
SF:src\controllers\AuthController.ts
FN:9,(anonymous_1)
FN:46,(anonymous_2)
FN:62,(anonymous_3)
FN:90,(anonymous_4)
FN:113,(anonymous_5)
FN:125,(anonymous_6)
FN:144,(anonymous_7)
FN:148,(anonymous_8)
FN:166,(anonymous_9)
FNF:9
FNH:3
FNDA:5,(anonymous_1)
FNDA:2,(anonymous_2)
FNDA:14,(anonymous_3)
FNDA:0,(anonymous_4)
FNDA:0,(anonymous_5)
FNDA:0,(anonymous_6)
FNDA:0,(anonymous_7)
FNDA:0,(anonymous_8)
FNDA:0,(anonymous_9)
DA:2,2
DA:3,2
DA:4,2
DA:5,2
DA:6,2
DA:8,2
DA:9,2
DA:11,5
DA:14,5
DA:15,5
DA:16,3
DA:17,3
DA:18,3
DA:21,2
DA:22,2
DA:23,2
DA:24,2
DA:25,2
DA:27,2
DA:28,2
DA:31,2
DA:33,2
DA:39,2
DA:41,0
DA:42,0
DA:46,2
DA:47,2
DA:49,2
DA:50,2
DA:51,1
DA:52,1
DA:53,1
DA:55,1
DA:56,1
DA:57,1
DA:59,1
DA:62,2
DA:63,14
DA:66,14
DA:67,14
DA:68,2
DA:69,2
DA:70,2
DA:73,12
DA:74,3
DA:75,3
DA:76,3
DA:79,9
DA:80,9
DA:81,2
DA:82,2
DA:83,2
DA:86,7
DA:87,7
DA:90,2
DA:91,0
DA:94,0
DA:95,0
DA:96,0
DA:97,0
DA:98,0
DA:100,0
DA:101,0
DA:103,0
DA:109,0
DA:113,2
DA:114,0
DA:116,0
DA:117,0
DA:118,0
DA:119,0
DA:120,0
DA:125,2
DA:126,0
DA:127,0
DA:129,0
DA:130,0
DA:131,0
DA:132,0
DA:133,0
DA:137,0
DA:138,0
DA:139,0
DA:141,0
DA:144,2
DA:145,0
DA:148,2
DA:149,0
DA:150,0
DA:151,0
DA:153,0
DA:154,0
DA:155,0
DA:156,0
DA:157,0
DA:160,0
DA:161,0
DA:163,0
DA:166,2
DA:167,0
DA:168,0
DA:169,0
DA:171,0
DA:172,0
DA:173,0
DA:174,0
DA:175,0
DA:178,0
LF:108
LH:58
BRDA:15,0,0,3
BRDA:27,1,0,2
BRDA:50,2,0,1
BRDA:67,3,0,2
BRDA:73,4,0,3
BRDA:80,5,0,2
BRDA:95,6,0,0
BRDA:117,7,0,0
BRDA:130,8,0,0
BRDA:154,9,0,0
BRDA:172,10,0,0
BRF:11
BRH:6
end_of_record
TN:
SF:src\controllers\BudgetsController.ts
FN:6,(anonymous_1)
FN:24,(anonymous_2)
FN:36,(anonymous_3)
FN:44,(anonymous_4)
FN:50,(anonymous_5)
FNF:5
FNH:5
FNDA:5,(anonymous_1)
FNDA:3,(anonymous_2)
FNDA:4,(anonymous_3)
FNDA:2,(anonymous_4)
FNDA:2,(anonymous_5)
DA:2,2
DA:3,2
DA:5,2
DA:6,2
DA:7,5
DA:8,5
DA:17,4
DA:19,1
DA:20,1
DA:24,2
DA:25,3
DA:26,3
DA:27,2
DA:28,2
DA:29,2
DA:31,1
DA:32,1
DA:36,2
DA:37,4
DA:41,4
DA:44,2
DA:46,2
DA:47,2
DA:50,2
DA:52,2
DA:53,2
LF:26
LH:26
BRF:0
BRH:0
end_of_record
TN:
SF:src\controllers\ExpenseController.ts
FN:6,(anonymous_1)
FN:18,(anonymous_2)
FN:22,(anonymous_3)
FN:27,(anonymous_4)
FNF:4
FNH:4
FNDA:2,(anonymous_1)
FNDA:1,(anonymous_2)
FNDA:1,(anonymous_3)
FNDA:1,(anonymous_4)
DA:2,2
DA:4,2
DA:6,2
DA:7,2
DA:8,2
DA:9,1
DA:10,1
DA:11,1
DA:13,1
DA:14,1
DA:18,2
DA:19,1
DA:22,2
DA:23,1
DA:24,1
DA:27,2
DA:28,1
DA:29,1
LF:18
LH:18
BRF:0
BRH:0
end_of_record
TN:
SF:src\emails\AuthEmail.ts
FN:10,(anonymous_0)
FN:25,(anonymous_1)
FNF:2
FNH:1
FNDA:1,(anonymous_0)
FNDA:0,(anonymous_1)
DA:1,2
DA:9,2
DA:10,2
DA:11,1
DA:25,2
DA:26,0
LF:6
LH:5
BRF:0
BRH:0
end_of_record
TN:
SF:src\middleware\auth.ts
FN:13,(anonymous_1)
FNF:1
FNH:1
FNDA:16,(anonymous_1)
DA:2,1
DA:3,1
DA:13,1
DA:14,16
DA:16,16
DA:17,5
DA:18,5
DA:19,5
DA:22,11
DA:23,11
DA:24,0
DA:25,0
DA:26,0
DA:29,11
DA:30,11
DA:31,10
DA:32,10
DA:36,10
DA:40,1
LF:19
LH:16
BRDA:16,0,0,5
BRDA:23,1,0,0
BRDA:31,2,0,10
BRDA:31,3,0,10
BRDA:31,3,1,10
BRF:5
BRH:4
end_of_record
TN:
SF:src\middleware\budget.ts
FN:13,(anonymous_1)
FN:17,(anonymous_2)
FN:28,(anonymous_3)
FN:48,(anonymous_4)
FN:56,(anonymous_5)
FN:62,hasAccess
FNF:6
FNH:6
FNDA:7,(anonymous_1)
FNDA:6,(anonymous_2)
FNDA:9,(anonymous_3)
FNDA:4,(anonymous_4)
FNDA:4,(anonymous_5)
FNDA:7,hasAccess
DA:2,3
DA:3,3
DA:13,3
DA:15,7
DA:17,6
DA:20,7
DA:21,7
DA:22,1
DA:23,1
DA:25,6
DA:28,3
DA:29,9
DA:30,9
DA:31,9
DA:33,8
DA:34,3
DA:35,3
DA:36,3
DA:38,5
DA:40,5
DA:42,1
DA:43,1
DA:48,3
DA:50,4
DA:53,4
DA:56,4
DA:59,4
DA:62,3
DA:64,7
DA:65,2
DA:66,2
DA:67,2
DA:70,5
LF:33
LH:33
BRDA:21,0,0,1
BRDA:33,1,0,3
BRDA:64,2,0,2
BRF:3
BRH:3
end_of_record
TN:
SF:src\middleware\expense.ts
FN:13,(anonymous_1)
FN:21,(anonymous_2)
FN:27,(anonymous_3)
FN:30,(anonymous_4)
FN:43,(anonymous_5)
FNF:5
FNH:1
FNDA:0,(anonymous_1)
FNDA:0,(anonymous_2)
FNDA:0,(anonymous_3)
FNDA:0,(anonymous_4)
FNDA:3,(anonymous_5)
DA:1,2
DA:3,2
DA:13,2
DA:15,0
DA:18,0
DA:21,0
DA:24,0
DA:27,2
DA:28,0
DA:30,0
DA:34,0
DA:35,0
DA:36,0
DA:37,0
DA:40,0
DA:43,2
DA:44,3
DA:45,3
DA:46,3
DA:48,2
DA:49,1
DA:50,1
DA:51,1
DA:53,1
DA:55,1
DA:57,1
DA:58,1
LF:27
LH:16
BRDA:35,0,0,0
BRDA:48,1,0,1
BRF:2
BRH:1
end_of_record
TN:
SF:src\middleware\validation.ts
FN:4,(anonymous_0)
FNF:1
FNH:1
FNDA:25,(anonymous_0)
DA:2,1
DA:4,1
DA:5,25
DA:6,25
DA:7,8
DA:8,8
DA:10,17
LF:7
LH:7
BRDA:6,0,0,8
BRF:1
BRH:1
end_of_record
TN:
SF:src\models\Budget.ts
FN:22,(anonymous_3)
FN:28,(anonymous_4)
FN:31,(anonymous_5)
FNF:3
FNH:3
FNDA:3,(anonymous_3)
FNDA:2,(anonymous_4)
FNDA:3,(anonymous_5)
DA:1,3
DA:2,3
DA:3,3
DA:9,3
DA:14,3
DA:20,3
DA:22,3
DA:26,3
DA:28,2
DA:29,3
DA:31,3
DA:32,3
DA:35,3
LF:13
LH:13
BRF:0
BRH:0
end_of_record
TN:
SF:src\models\Expense.ts
FN:21,(anonymous_3)
FN:24,(anonymous_4)
FNF:2
FNH:2
FNDA:2,(anonymous_3)
FNDA:2,(anonymous_4)
DA:1,3
DA:2,3
DA:8,3
DA:13,3
DA:19,3
DA:21,2
DA:22,3
DA:24,2
DA:25,3
DA:28,3
LF:10
LH:10
BRF:0
BRH:0
end_of_record
TN:
SF:src\models\User.ts
FN:39,(anonymous_3)
FNF:1
FNH:1
FNDA:2,(anonymous_3)
DA:1,3
DA:2,3
DA:8,3
DA:13,3
DA:19,3
DA:26,3
DA:31,3
DA:37,3
DA:39,2
DA:43,3
DA:46,3
LF:11
LH:11
BRF:0
BRH:0
end_of_record
TN:
SF:src\routes\authRouter.ts
FNF:0
FNH:0
DA:1,1
DA:2,1
DA:3,1
DA:4,1
DA:5,1
DA:6,1
DA:8,1
DA:10,1
DA:12,1
DA:23,1
DA:30,1
DA:39,1
DA:46,1
DA:53,1
DA:62,1
DA:67,1
DA:77,1
DA:85,1
LF:18
LH:18
BRF:0
BRH:0
end_of_record
TN:
SF:src\routes\budgetRouter.ts
FNF:0
FNH:0
DA:1,1
DA:3,1
DA:4,1
DA:5,1
DA:6,1
DA:7,1
DA:8,1
DA:10,1
DA:12,1
DA:14,1
DA:15,1
DA:16,1
DA:18,1
DA:19,1
DA:21,1
DA:23,1
DA:29,1
DA:31,1
DA:37,1
DA:40,1
DA:45,1
DA:46,1
DA:51,1
DA:53,1
LF:24
LH:24
BRF:0
BRH:0
end_of_record
TN:
SF:src\tests\mocks\budgets.ts
FNF:0
FNH:0
DA:1,3
LF:1
LH:1
BRF:0
BRH:0
end_of_record
TN:
SF:src\tests\mocks\expense.ts
FNF:0
FNH:0
DA:1,2
LF:1
LH:1
BRF:0
BRH:0
end_of_record
TN:
SF:src\utils\auth.ts
FN:3,(anonymous_1)
FN:9,(anonymous_2)
FNF:2
FNH:2
FNDA:1,(anonymous_1)
FNDA:5,(anonymous_2)
DA:1,2
DA:3,2
DA:4,1
DA:5,1
DA:6,1
DA:9,2
DA:10,5
LF:7
LH:7
BRF:0
BRH:0
end_of_record
TN:
SF:src\utils\jwt.ts
FN:3,(anonymous_1)
FNF:1
FNH:1
FNDA:5,(anonymous_1)
DA:1,2
DA:3,2
DA:4,5
DA:7,5
LF:4
LH:4
BRF:0
BRH:0
end_of_record
TN:
SF:src\utils\token.ts
FN:1,(anonymous_0)
FNF:1
FNH:1
FNDA:1,(anonymous_0)
DA:1,2
LF:1
LH:1
BRF:0
BRH:0
end_of_record
